<?xml version="1.0" encoding="UTF-8" ?>
<testsuite tests="6" failures="0" name="ru.liga.PeriodEngineTest" time="0.058" errors="0" skipped="0">
  <properties>
[...]
</properties>
  <testcase classname="ru.liga.PeriodEngineTest" name="getNullCountDayForPeriod" time="0"/>
  <testcase classname="ru.liga.PeriodEngineTest" name="countDaysUntilDateWithoutExceptions" time="0.029"/>
  <testcase classname="ru.liga.PeriodEngineTest" name="getNullListOfDatesForPeriod" time="0"/>
  <testcase classname="ru.liga.PeriodEngineTest" name="countDayForPeriodWithoutExceptions" time="0.001"/>
  <testcase classname="ru.liga.PeriodEngineTest" name="getNullDaysUntilDateTest" time="0"/>
  <testcase classname="ru.liga.PeriodEngineTest" name="getListOfDatesForPeriodWithoutExceptions" time="0.028"/>
</testsuite>